Analysis & Synthesis report for SDRAM_controller_whatever
Mon Mar 27 15:38:16 2017
Quartus Prime Version 16.1.0 Build 196 10/24/2016 SJ Lite Edition


---------------------
; Table of Contents ;
---------------------
  1. Legal Notice
  2. Analysis & Synthesis Summary
  3. Analysis & Synthesis Settings
  4. Parallel Compilation
  5. Analysis & Synthesis Source Files Read
  6. Analysis & Synthesis Resource Usage Summary
  7. Analysis & Synthesis Resource Utilization by Entity
  8. State Machine - |sdram_controller_whatever|state_r
  9. Registers Removed During Synthesis
 10. General Register Statistics
 11. Multiplexer Restructuring Statistics (Restructuring Performed)
 12. Post-Synthesis Netlist Statistics for Top Partition
 13. Elapsed Time Per Partition
 14. Analysis & Synthesis Messages



----------------
; Legal Notice ;
----------------
Copyright (C) 2016  Intel Corporation. All rights reserved.
Your use of Intel Corporation's design tools, logic functions 
and other software and tools, and its AMPP partner logic 
functions, and any output files from any of the foregoing 
(including device programming or simulation files), and any 
associated documentation or information are expressly subject 
to the terms and conditions of the Intel Program License 
Subscription Agreement, the Intel Quartus Prime License Agreement,
the Intel MegaCore Function License Agreement, or other 
applicable license agreement, including, without limitation, 
that your use is for the sole purpose of programming logic 
devices manufactured by Intel and sold by Intel or its 
authorized distributors.  Please refer to the applicable 
agreement for further details.



+----------------------------------------------------------------------------------+
; Analysis & Synthesis Summary                                                     ;
+------------------------------------+---------------------------------------------+
; Analysis & Synthesis Status        ; Successful - Mon Mar 27 15:38:16 2017       ;
; Quartus Prime Version              ; 16.1.0 Build 196 10/24/2016 SJ Lite Edition ;
; Revision Name                      ; SDRAM_controller_whatever                   ;
; Top-level Entity Name              ; sdram_controller_whatever                   ;
; Family                             ; Cyclone IV E                                ;
; Total logic elements               ; 149                                         ;
;     Total combinational functions  ; 117                                         ;
;     Dedicated logic registers      ; 87                                          ;
; Total registers                    ; 87                                          ;
; Total pins                         ; 103                                         ;
; Total virtual pins                 ; 0                                           ;
; Total memory bits                  ; 0                                           ;
; Embedded Multiplier 9-bit elements ; 0                                           ;
; Total PLLs                         ; 0                                           ;
+------------------------------------+---------------------------------------------+


+------------------------------------------------------------------------------------------------------------------------------------+
; Analysis & Synthesis Settings                                                                                                      ;
+----------------------------------------------------------------------------+---------------------------+---------------------------+
; Option                                                                     ; Setting                   ; Default Value             ;
+----------------------------------------------------------------------------+---------------------------+---------------------------+
; Device                                                                     ; EP4CE22F17C6              ;                           ;
; Top-level entity name                                                      ; SDRAM_controller_whatever ; SDRAM_controller_whatever ;
; Family name                                                                ; Cyclone IV E              ; Cyclone V                 ;
; Use smart compilation                                                      ; Off                       ; Off                       ;
; Enable parallel Assembler and TimeQuest Timing Analyzer during compilation ; On                        ; On                        ;
; Enable compact report table                                                ; Off                       ; Off                       ;
; Restructure Multiplexers                                                   ; Auto                      ; Auto                      ;
; Create Debugging Nodes for IP Cores                                        ; Off                       ; Off                       ;
; Preserve fewer node names                                                  ; On                        ; On                        ;
; OpenCore Plus hardware evaluation                                          ; Enable                    ; Enable                    ;
; Verilog Version                                                            ; Verilog_2001              ; Verilog_2001              ;
; VHDL Version                                                               ; VHDL_1993                 ; VHDL_1993                 ;
; State Machine Processing                                                   ; Auto                      ; Auto                      ;
; Safe State Machine                                                         ; Off                       ; Off                       ;
; Extract Verilog State Machines                                             ; On                        ; On                        ;
; Extract VHDL State Machines                                                ; On                        ; On                        ;
; Ignore Verilog initial constructs                                          ; Off                       ; Off                       ;
; Iteration limit for constant Verilog loops                                 ; 5000                      ; 5000                      ;
; Iteration limit for non-constant Verilog loops                             ; 250                       ; 250                       ;
; Add Pass-Through Logic to Inferred RAMs                                    ; On                        ; On                        ;
; Infer RAMs from Raw Logic                                                  ; On                        ; On                        ;
; Parallel Synthesis                                                         ; On                        ; On                        ;
; DSP Block Balancing                                                        ; Auto                      ; Auto                      ;
; NOT Gate Push-Back                                                         ; On                        ; On                        ;
; Power-Up Don't Care                                                        ; On                        ; On                        ;
; Remove Redundant Logic Cells                                               ; Off                       ; Off                       ;
; Remove Duplicate Registers                                                 ; On                        ; On                        ;
; Ignore CARRY Buffers                                                       ; Off                       ; Off                       ;
; Ignore CASCADE Buffers                                                     ; Off                       ; Off                       ;
; Ignore GLOBAL Buffers                                                      ; Off                       ; Off                       ;
; Ignore ROW GLOBAL Buffers                                                  ; Off                       ; Off                       ;
; Ignore LCELL Buffers                                                       ; Off                       ; Off                       ;
; Ignore SOFT Buffers                                                        ; On                        ; On                        ;
; Limit AHDL Integers to 32 Bits                                             ; Off                       ; Off                       ;
; Optimization Technique                                                     ; Balanced                  ; Balanced                  ;
; Carry Chain Length                                                         ; 70                        ; 70                        ;
; Auto Carry Chains                                                          ; On                        ; On                        ;
; Auto Open-Drain Pins                                                       ; On                        ; On                        ;
; Perform WYSIWYG Primitive Resynthesis                                      ; Off                       ; Off                       ;
; Auto ROM Replacement                                                       ; On                        ; On                        ;
; Auto RAM Replacement                                                       ; On                        ; On                        ;
; Auto DSP Block Replacement                                                 ; On                        ; On                        ;
; Auto Shift Register Replacement                                            ; Auto                      ; Auto                      ;
; Allow Shift Register Merging across Hierarchies                            ; Auto                      ; Auto                      ;
; Auto Clock Enable Replacement                                              ; On                        ; On                        ;
; Strict RAM Replacement                                                     ; Off                       ; Off                       ;
; Allow Synchronous Control Signals                                          ; On                        ; On                        ;
; Force Use of Synchronous Clear Signals                                     ; Off                       ; Off                       ;
; Auto RAM Block Balancing                                                   ; On                        ; On                        ;
; Auto RAM to Logic Cell Conversion                                          ; Off                       ; Off                       ;
; Auto Resource Sharing                                                      ; Off                       ; Off                       ;
; Allow Any RAM Size For Recognition                                         ; Off                       ; Off                       ;
; Allow Any ROM Size For Recognition                                         ; Off                       ; Off                       ;
; Allow Any Shift Register Size For Recognition                              ; Off                       ; Off                       ;
; Use LogicLock Constraints during Resource Balancing                        ; On                        ; On                        ;
; Ignore translate_off and synthesis_off directives                          ; Off                       ; Off                       ;
; Timing-Driven Synthesis                                                    ; On                        ; On                        ;
; Report Parameter Settings                                                  ; On                        ; On                        ;
; Report Source Assignments                                                  ; On                        ; On                        ;
; Report Connectivity Checks                                                 ; On                        ; On                        ;
; Ignore Maximum Fan-Out Assignments                                         ; Off                       ; Off                       ;
; Synchronization Register Chain Length                                      ; 2                         ; 2                         ;
; PowerPlay Power Optimization During Synthesis                              ; Normal compilation        ; Normal compilation        ;
; HDL message level                                                          ; Level2                    ; Level2                    ;
; Suppress Register Optimization Related Messages                            ; Off                       ; Off                       ;
; Number of Removed Registers Reported in Synthesis Report                   ; 5000                      ; 5000                      ;
; Number of Swept Nodes Reported in Synthesis Report                         ; 5000                      ; 5000                      ;
; Number of Inverted Registers Reported in Synthesis Report                  ; 100                       ; 100                       ;
; Clock MUX Protection                                                       ; On                        ; On                        ;
; Auto Gated Clock Conversion                                                ; Off                       ; Off                       ;
; Block Design Naming                                                        ; Auto                      ; Auto                      ;
; SDC constraint protection                                                  ; Off                       ; Off                       ;
; Synthesis Effort                                                           ; Auto                      ; Auto                      ;
; Shift Register Replacement - Allow Asynchronous Clear Signal               ; On                        ; On                        ;
; Pre-Mapping Resynthesis Optimization                                       ; Off                       ; Off                       ;
; Analysis & Synthesis Message Level                                         ; Medium                    ; Medium                    ;
; Disable Register Merging Across Hierarchies                                ; Auto                      ; Auto                      ;
; Resource Aware Inference For Block RAM                                     ; On                        ; On                        ;
+----------------------------------------------------------------------------+---------------------------+---------------------------+


+------------------------------------------+
; Parallel Compilation                     ;
+----------------------------+-------------+
; Processors                 ; Number      ;
+----------------------------+-------------+
; Number detected on machine ; 4           ;
; Maximum allowed            ; 2           ;
;                            ;             ;
; Average used               ; 1.00        ;
; Maximum used               ; 2           ;
;                            ;             ;
; Usage by Processor         ; % Time Used ;
;     Processor 1            ; 100.0%      ;
;     Processor 2            ;   0.0%      ;
+----------------------------+-------------+


+----------------------------------------------------------------------------------------------------------------------------------------------------+
; Analysis & Synthesis Source Files Read                                                                                                             ;
+---------------------------------------------+-----------------+-----------------+--------------------------------------------------------+---------+
; File Name with User-Entered Path            ; Used in Netlist ; File Type       ; File Name with Absolute Path                           ; Library ;
+---------------------------------------------+-----------------+-----------------+--------------------------------------------------------+---------+
; ../SDRAM_Test/sdram_controller_whatever.vhd ; yes             ; User VHDL File  ; /home/shobhna/SDRAM_Test/sdram_controller_whatever.vhd ;         ;
+---------------------------------------------+-----------------+-----------------+--------------------------------------------------------+---------+


+-----------------------------------------------------------------+
; Analysis & Synthesis Resource Usage Summary                     ;
+---------------------------------------------+-------------------+
; Resource                                    ; Usage             ;
+---------------------------------------------+-------------------+
; Estimated Total logic elements              ; 149               ;
;                                             ;                   ;
; Total combinational functions               ; 117               ;
; Logic element usage by number of LUT inputs ;                   ;
;     -- 4 input functions                    ; 54                ;
;     -- 3 input functions                    ; 32                ;
;     -- <=2 input functions                  ; 31                ;
;                                             ;                   ;
; Logic elements by mode                      ;                   ;
;     -- normal mode                          ; 103               ;
;     -- arithmetic mode                      ; 14                ;
;                                             ;                   ;
; Total registers                             ; 87                ;
;     -- Dedicated logic registers            ; 87                ;
;     -- I/O registers                        ; 0                 ;
;                                             ;                   ;
; I/O pins                                    ; 103               ;
;                                             ;                   ;
; Embedded Multiplier 9-bit elements          ; 0                 ;
;                                             ;                   ;
; Maximum fan-out node                        ; clk_100m0_i~input ;
; Maximum fan-out                             ; 87                ;
; Total fan-out                               ; 810               ;
; Average fan-out                             ; 1.90              ;
+---------------------------------------------+-------------------+


+-------------------------------------------------------------------------------------------------------------------------------------------------------------------------------------------------------------------------------+
; Analysis & Synthesis Resource Utilization by Entity                                                                                                                                                                           ;
+----------------------------+---------------------+---------------------------+-------------+--------------+---------+-----------+------+--------------+----------------------------+---------------------------+--------------+
; Compilation Hierarchy Node ; Combinational ALUTs ; Dedicated Logic Registers ; Memory Bits ; DSP Elements ; DSP 9x9 ; DSP 18x18 ; Pins ; Virtual Pins ; Full Hierarchy Name        ; Entity Name               ; Library Name ;
+----------------------------+---------------------+---------------------------+-------------+--------------+---------+-----------+------+--------------+----------------------------+---------------------------+--------------+
; |sdram_controller_whatever ; 117 (117)           ; 87 (87)                   ; 0           ; 0            ; 0       ; 0         ; 103  ; 0            ; |sdram_controller_whatever ; sdram_controller_whatever ; work         ;
+----------------------------+---------------------+---------------------------+-------------+--------------+---------+-----------+------+--------------+----------------------------+---------------------------+--------------+
Note: For table entries with two numbers listed, the numbers in parentheses indicate the number of resources of the given type used by the specific entity alone. The numbers listed outside of parentheses indicate the total resources of the given type used by the specific entity and all of its sub-entities in the hierarchy.


Encoding Type:  One-Hot
+--------------------------------------------------------------------------------------------------------------------------------------------------------------------------------------------------------------------------------------------------------------------------------------------------------------------+
; State Machine - |sdram_controller_whatever|state_r                                                                                                                                                                                                                                                                 ;
+---------------------------+----------------------+-----------------+-----------------+---------------+----------------+---------------------+--------------------+-----------------+--------------------------+----------------------+--------------------------+---------------------------+----------------------+
; Name                      ; state_r.ST_PRECHARGE ; state_r.ST_RAS2 ; state_r.ST_RAS1 ; state_r.ST_RW ; state_r.ST_RCD ; state_r.ST_ACTIVATE ; state_r.ST_REFRESH ; state_r.ST_IDLE ; state_r.ST_INIT_REFRESH2 ; state_r.ST_INIT_MODE ; state_r.ST_INIT_REFRESH1 ; state_r.ST_INIT_PRECHARGE ; state_r.ST_INIT_WAIT ;
+---------------------------+----------------------+-----------------+-----------------+---------------+----------------+---------------------+--------------------+-----------------+--------------------------+----------------------+--------------------------+---------------------------+----------------------+
; state_r.ST_INIT_WAIT      ; 0                    ; 0               ; 0               ; 0             ; 0              ; 0                   ; 0                  ; 0               ; 0                        ; 0                    ; 0                        ; 0                         ; 0                    ;
; state_r.ST_INIT_PRECHARGE ; 0                    ; 0               ; 0               ; 0             ; 0              ; 0                   ; 0                  ; 0               ; 0                        ; 0                    ; 0                        ; 1                         ; 1                    ;
; state_r.ST_INIT_REFRESH1  ; 0                    ; 0               ; 0               ; 0             ; 0              ; 0                   ; 0                  ; 0               ; 0                        ; 0                    ; 1                        ; 0                         ; 1                    ;
; state_r.ST_INIT_MODE      ; 0                    ; 0               ; 0               ; 0             ; 0              ; 0                   ; 0                  ; 0               ; 0                        ; 1                    ; 0                        ; 0                         ; 1                    ;
; state_r.ST_INIT_REFRESH2  ; 0                    ; 0               ; 0               ; 0             ; 0              ; 0                   ; 0                  ; 0               ; 1                        ; 0                    ; 0                        ; 0                         ; 1                    ;
; state_r.ST_IDLE           ; 0                    ; 0               ; 0               ; 0             ; 0              ; 0                   ; 0                  ; 1               ; 0                        ; 0                    ; 0                        ; 0                         ; 1                    ;
; state_r.ST_REFRESH        ; 0                    ; 0               ; 0               ; 0             ; 0              ; 0                   ; 1                  ; 0               ; 0                        ; 0                    ; 0                        ; 0                         ; 1                    ;
; state_r.ST_ACTIVATE       ; 0                    ; 0               ; 0               ; 0             ; 0              ; 1                   ; 0                  ; 0               ; 0                        ; 0                    ; 0                        ; 0                         ; 1                    ;
; state_r.ST_RCD            ; 0                    ; 0               ; 0               ; 0             ; 1              ; 0                   ; 0                  ; 0               ; 0                        ; 0                    ; 0                        ; 0                         ; 1                    ;
; state_r.ST_RW             ; 0                    ; 0               ; 0               ; 1             ; 0              ; 0                   ; 0                  ; 0               ; 0                        ; 0                    ; 0                        ; 0                         ; 1                    ;
; state_r.ST_RAS1           ; 0                    ; 0               ; 1               ; 0             ; 0              ; 0                   ; 0                  ; 0               ; 0                        ; 0                    ; 0                        ; 0                         ; 1                    ;
; state_r.ST_RAS2           ; 0                    ; 1               ; 0               ; 0             ; 0              ; 0                   ; 0                  ; 0               ; 0                        ; 0                    ; 0                        ; 0                         ; 1                    ;
; state_r.ST_PRECHARGE      ; 1                    ; 0               ; 0               ; 0             ; 0              ; 0                   ; 0                  ; 0               ; 0                        ; 0                    ; 0                        ; 0                         ; 1                    ;
+---------------------------+----------------------+-----------------+-----------------+---------------+----------------+---------------------+--------------------+-----------------+--------------------------+----------------------+--------------------------+---------------------------+----------------------+


+--------------------------------------------------------------------------------+
; Registers Removed During Synthesis                                             ;
+---------------------------------------+----------------------------------------+
; Register name                         ; Reason for Removal                     ;
+---------------------------------------+----------------------------------------+
; cmd_r[3]                              ; Stuck at GND due to stuck port data_in ;
; Total Number of Removed Registers = 1 ;                                        ;
+---------------------------------------+----------------------------------------+


+------------------------------------------------------+
; General Register Statistics                          ;
+----------------------------------------------+-------+
; Statistic                                    ; Value ;
+----------------------------------------------+-------+
; Total registers                              ; 87    ;
; Number of registers using Synchronous Clear  ; 4     ;
; Number of registers using Synchronous Load   ; 11    ;
; Number of registers using Asynchronous Clear ; 0     ;
; Number of registers using Asynchronous Load  ; 0     ;
; Number of registers using Clock Enable       ; 50    ;
; Number of registers using Preset             ; 0     ;
+----------------------------------------------+-------+


+------------------------------------------------------------------------------------------------------------------------------------------------------+
; Multiplexer Restructuring Statistics (Restructuring Performed)                                                                                       ;
+--------------------+-----------+---------------+----------------------+------------------------+------------+----------------------------------------+
; Multiplexer Inputs ; Bus Width ; Baseline Area ; Area if Restructured ; Saving if Restructured ; Registered ; Example Multiplexer Output             ;
+--------------------+-----------+---------------+----------------------+------------------------+------------+----------------------------------------+
; 3:1                ; 3 bits    ; 6 LEs         ; 3 LEs                ; 3 LEs                  ; Yes        ; |sdram_controller_whatever|addr_r[12]  ;
; 4:1                ; 4 bits    ; 8 LEs         ; 4 LEs                ; 4 LEs                  ; Yes        ; |sdram_controller_whatever|refcnt_r[3] ;
; 8:1                ; 8 bits    ; 40 LEs        ; 24 LEs               ; 16 LEs                 ; Yes        ; |sdram_controller_whatever|timer_r[13] ;
; 9:1                ; 5 bits    ; 30 LEs        ; 20 LEs               ; 10 LEs                 ; Yes        ; |sdram_controller_whatever|timer_r[9]  ;
; 8:1                ; 3 bits    ; 15 LEs        ; 9 LEs                ; 6 LEs                  ; No         ; |sdram_controller_whatever|state_r     ;
+--------------------+-----------+---------------+----------------------+------------------------+------------+----------------------------------------+


+-----------------------------------------------------+
; Post-Synthesis Netlist Statistics for Top Partition ;
+-----------------------+-----------------------------+
; Type                  ; Count                       ;
+-----------------------+-----------------------------+
; boundary_port         ; 103                         ;
; cycloneiii_ff         ; 87                          ;
;     ENA               ; 42                          ;
;     ENA SLD           ; 8                           ;
;     SCLR              ; 4                           ;
;     SLD               ; 3                           ;
;     plain             ; 30                          ;
; cycloneiii_io_obuf    ; 16                          ;
; cycloneiii_lcell_comb ; 118                         ;
;     arith             ; 14                          ;
;         2 data inputs ; 14                          ;
;     normal            ; 104                         ;
;         0 data inputs ; 1                           ;
;         1 data inputs ; 1                           ;
;         2 data inputs ; 16                          ;
;         3 data inputs ; 32                          ;
;         4 data inputs ; 54                          ;
;                       ;                             ;
; Max LUT depth         ; 5.00                        ;
; Average LUT depth     ; 1.98                        ;
+-----------------------+-----------------------------+


+-------------------------------+
; Elapsed Time Per Partition    ;
+----------------+--------------+
; Partition Name ; Elapsed Time ;
+----------------+--------------+
; Top            ; 00:00:00     ;
+----------------+--------------+


+-------------------------------+
; Analysis & Synthesis Messages ;
+-------------------------------+
Info: *******************************************************************
Info: Running Quartus Prime Analysis & Synthesis
    Info: Version 16.1.0 Build 196 10/24/2016 SJ Lite Edition
    Info: Processing started: Mon Mar 27 15:38:00 2017
Info: Command: quartus_map --read_settings_files=on --write_settings_files=off SDRAM_controller_whatever -c SDRAM_controller_whatever
Warning (18236): Number of processors has not been specified which may cause overloading on shared machines.  Set the global assignment NUM_PARALLEL_PROCESSORS in your QSF to an appropriate value for best performance.
Info (20030): Parallel compilation is enabled and will use 2 of the 2 processors detected
Info (12021): Found 2 design units, including 1 entities, in source file /home/shobhna/Othello-on-FPGA/sdram_clk_gen.vhd
    Info (12022): Found design unit 1: sdram_clk_gen-SYN File: /home/shobhna/Othello-on-FPGA/sdram_clk_gen.vhd Line: 53
    Info (12023): Found entity 1: sdram_clk_gen File: /home/shobhna/Othello-on-FPGA/sdram_clk_gen.vhd Line: 42
Info (12021): Found 2 design units, including 1 entities, in source file /home/shobhna/SDRAM_Test/sdram_controller_whatever.vhd
    Info (12022): Found design unit 1: sdram_controller_whatever-rtl File: /home/shobhna/SDRAM_Test/sdram_controller_whatever.vhd Line: 78
    Info (12023): Found entity 1: sdram_controller_whatever File: /home/shobhna/SDRAM_Test/sdram_controller_whatever.vhd Line: 48
Info (12021): Found 2 design units, including 1 entities, in source file /home/shobhna/SDRAM_Test/sdram_test.vhd
    Info (12022): Found design unit 1: sdram_test-behavioral File: /home/shobhna/SDRAM_Test/sdram_test.vhd Line: 27
    Info (12023): Found entity 1: sdram_test File: /home/shobhna/SDRAM_Test/sdram_test.vhd Line: 5
Info (12127): Elaborating entity "SDRAM_controller_whatever" for the top level hierarchy
Warning (10492): VHDL Process Statement warning at sdram_controller_whatever.vhd(165): signal "bank_r" is read inside the Process Statement but isn't in the Process Statement's sensitivity list File: /home/shobhna/SDRAM_Test/sdram_controller_whatever.vhd Line: 165
Warning (13024): Output pins are stuck at VCC or GND
    Warning (13410): Pin "sdCe_bo" is stuck at GND File: /home/shobhna/SDRAM_Test/sdram_controller_whatever.vhd Line: 66
Info (286030): Timing-Driven Synthesis is running
Info (16010): Generating hard_block partition "hard_block:auto_generated_inst"
    Info (16011): Adding 0 node(s), including 0 DDIO, 0 PLL, 0 transceiver and 0 LCELL
Info (21057): Implemented 252 device resources after synthesis - the final resource count might be different
    Info (21058): Implemented 47 input pins
    Info (21059): Implemented 40 output pins
    Info (21060): Implemented 16 bidirectional pins
    Info (21061): Implemented 149 logic cells
Info: Quartus Prime Analysis & Synthesis was successful. 0 errors, 4 warnings
    Info: Peak virtual memory: 963 megabytes
    Info: Processing ended: Mon Mar 27 15:38:16 2017
    Info: Elapsed time: 00:00:16
    Info: Total CPU time (on all processors): 00:00:36


